HelloAndroid/app/build/outputs/logs/manifest-merger-debug-report.txt
-- Merging decision tree log ---
manifest
ADDED from src/main/AndroidManifest.xml:2:1-32:12
	package
		ADDED from src/main/AndroidManifest.xml:3:5-37
		INJECTED from src/main/AndroidManifest.xml
		INJECTED from src/main/AndroidManifest.xml
	android:versionName
		ADDED from src/main/AndroidManifest.xml:5:5-30
		INJECTED from src/main/AndroidManifest.xml
		INJECTED from src/main/AndroidManifest.xml
	android:versionCode
		ADDED from src/main/AndroidManifest.xml:4:5-28
		INJECTED from src/main/AndroidManifest.xml
		INJECTED from src/main/AndroidManifest.xml
	xmlns:android
		ADDED from src/main/AndroidManifest.xml:2:11-69
uses-sdk
ADDED from src/main/AndroidManifest.xml:7:5-10:41
MERGED from [com.android.support:support-v4:23.3.0] AndroidManifest.xml:20:5-43
	android:maxSdkVersion
		ADDED from src/main/AndroidManifest.xml:8:9-35
	android:targetSdkVersion
		ADDED from src/main/AndroidManifest.xml:10:9-38
		INJECTED from src/main/AndroidManifest.xml
		INJECTED from src/main/AndroidManifest.xml
	android:minSdkVersion
		ADDED from src/main/AndroidManifest.xml:9:9-35
		INJECTED from src/main/AndroidManifest.xml
		INJECTED from src/main/AndroidManifest.xml
application
ADDED from src/main/AndroidManifest.xml:12:5-30:19
MERGED from [com.android.support:support-v4:23.3.0] AndroidManifest.xml:22:5-20
	android:label
		ADDED from src/main/AndroidManifest.xml:15:9-41
	android:allowBackup
		ADDED from src/main/AndroidManifest.xml:13:9-35
	android:icon
		ADDED from src/main/AndroidManifest.xml:14:9-45
	android:theme
		ADDED from src/main/AndroidManifest.xml:16:9-40
activity#br.univel.helloandroid.MainActivity
ADDED from src/main/AndroidManifest.xml:17:9-25:20
	android:label
		ADDED from src/main/AndroidManifest.xml:19:13-45
	android:name
		ADDED from src/main/AndroidManifest.xml:18:13-41
intent-filter#android.intent.action.MAIN+android.intent.category.LAUNCHER
ADDED from src/main/AndroidManifest.xml:20:13-24:29
action#android.intent.action.MAIN
ADDED from src/main/AndroidManifest.xml:21:17-69
	android:name
		ADDED from src/main/AndroidManifest.xml:21:25-66
category#android.intent.category.LAUNCHER
ADDED from src/main/AndroidManifest.xml:23:17-77
	android:name
		ADDED from src/main/AndroidManifest.xml:23:27-74
activity#br.univel.helloandroid.CadastroActivity
ADDED from src/main/AndroidManifest.xml:26:9-29:20
	android:label
		ADDED from src/main/AndroidManifest.xml:28:13-60
	android:name
		ADDED from src/main/AndroidManifest.xml:27:13-45